<?xml version="1.0" encoding="UTF-8"?>
<!-- Generated by org.testng.reporters.JUnitReportReporter -->
<testsuite name="com.chandao.testcase.LoginTest" tests="2" time="10.529" ignored="0" failures="0" timestamp="25 十月 2017 11:34:17 GMT" skipped="0" hostname="cjj" errors="0">
  <testcase name="loginTest" time="7.463" classname="com.chandao.testcase.LoginTest"/>
  <testcase name="filelogin01" time="3.066" classname="com.chandao.testcase.LoginTest"/>
</testsuite> <!-- com.chandao.testcase.LoginTest -->
